<?xml version="1.0" encoding="UTF-8"?>
<!-- Generated by org.testng.reporters.JUnitReportReporter -->
<testsuite hostname="DESKTOP-O3KMR4H" failures="0" tests="1" name="PracticeTahira.Use_of_webDriverManager_for_chromeDriver" time="13.075" errors="0" timestamp="2022-07-26T18:22:24 EDT" skipped="0">
  <testcase classname="PracticeTahira.Use_of_webDriverManager_for_chromeDriver" name="navigationTest" time="13.075"/>
  <system-out/>
</testsuite> <!-- PracticeTahira.Use_of_webDriverManager_for_chromeDriver -->
