<?xml version="1.0" encoding="UTF-8"?>
<!-- Generated by org.testng.reporters.JUnitReportReporter -->
<testsuite hostname="DESKTOP-O3KMR4H" failures="0" tests="1" name="seleniumMethods.UseOfGetByTestNG2" time="5.519" errors="0" timestamp="2022-07-01T17:13:26 EDT" skipped="0">
  <testcase classname="seleniumMethods.UseOfGetByTestNG2" name="urlTest" time="5.519"/>
  <system-out/>
</testsuite> <!-- seleniumMethods.UseOfGetByTestNG2 -->
